[04:56:56] INFO: Session started, sess_id=314, mode=plan, model=kimi-k2.5:cloud
[04:56:56] Choose persona START...: 
[04:56:56] Choose available number (x to cancel): 
[04:57:01] Set system message ( CTRL+x ENTER to Finish. ): 
[04:57:02] Choose history START...: 
[04:57:02] Choose available number (x to cancel): 
[04:57:11] You: 
[04:57:16] You: 
[04:57:25] You: 
[04:58:00] INFO: AI request (iteration 1, msgs=70)
[04:58:02] INFO: AI response: 7069 prompt + 88 response tokens (total: 7069 / 88)
[04:58:02] INFO: AI request (iteration 2, msgs=72)
[04:58:06] INFO: AI response: 7097 prompt + 196 response tokens (total: 14166 / 284)
[04:58:06] INFO: AI request (iteration 3, msgs=74)
[04:58:09] INFO: AI response: 7195 prompt + 157 response tokens (total: 21361 / 441)
[04:58:09] INFO: AI request (iteration 4, msgs=76)
[04:58:11] INFO: AI response: 7348 prompt + 20 response tokens (total: 28709 / 461)
[04:58:11] INFO: AI request (iteration 5, msgs=78)
[04:58:16] <CreateFile
[Aborted: 'CreateFile' cannot be used in PLAN mode]
[04:58:16] Stream aborted: 'CreateFile' cannot be used in PLAN mode
[04:58:16] INFO: AI response: 0 prompt + 0 response tokens (total: 28709 / 461)
[04:58:16] You: 
[04:58:24] You: 
[04:58:42] You: 
[04:58:47] INFO: AI request (iteration 1, msgs=81)
[04:58:52] INFO: AI response: 8206 prompt + 779 response tokens (total: 36915 / 1240)
[04:58:52] INFO: AI request (iteration 2, msgs=86)
[04:58:54] INFO: AI response: 9010 prompt + 46 response tokens (total: 45925 / 1286)
[04:58:54] INFO: AI request (iteration 3, msgs=88)
[04:58:56] INFO: AI response: 9039 prompt + 24 response tokens (total: 54964 / 1310)
[04:58:56] INFO: AI request (iteration 4, msgs=90)
[04:58:58] INFO: AI response: 9129 prompt + 55 response tokens (total: 64093 / 1365)
[04:58:58] INFO: AI request (iteration 5, msgs=92)
[04:59:00] INFO: AI response: 9605 prompt + 75 response tokens (total: 73698 / 1440)
[04:59:00] You: 
[05:13:50] You: 
[05:13:54] You: 
[05:14:52] INFO: AI request (iteration 1, msgs=96)
[05:14:57] INFO: AI response: 9690 prompt + 197 response tokens (total: 83388 / 1637)
[05:14:57] INFO: AI request (iteration 2, msgs=100)
[05:15:03] INFO: AI response: 10387 prompt + 449 response tokens (total: 93775 / 2086)
[05:15:03] You: 
[05:15:07] You: 
[05:15:12] INFO: AI request (iteration 1, msgs=102)
[05:15:14] INFO: AI response: 10745 prompt + 100 response tokens (total: 104520 / 2186)
[05:15:14] INFO: AI request (iteration 2, msgs=104)
[05:15:22] INFO: AI response: 10834 prompt + 752 response tokens (total: 115354 / 2938)
[05:15:22] INFO: AI request (iteration 3, msgs=114)
[05:15:23] INFO: AI response: 11736 prompt + 26 response tokens (total: 127090 / 2964)
[05:15:23] INFO: AI request (iteration 4, msgs=116)
[05:15:26] <WriteFile
[Aborted: 'WriteFile' cannot be used in PLAN mode]
[05:15:26] Stream aborted: 'WriteFile' cannot be used in PLAN mode
[05:15:26] INFO: AI response: 0 prompt + 0 response tokens (total: 127090 / 2964)
[05:15:26] You: 
[05:15:29] You: 
[05:15:38] You: 
[05:18:40] You: 
[05:19:00] INFO: Session started, sess_id=315, mode=plan, model=kimi-k2.5:cloud
[05:19:00] You: 
[05:19:02] You: 
[05:19:31] INFO: AI request (iteration 1, msgs=51)
[05:19:33] INFO: AI response: 7437 prompt + 86 response tokens (total: 134527 / 3050)
[05:19:33] INFO: AI request (iteration 2, msgs=53)
[05:19:39] INFO: AI response: 7567 prompt + 590 response tokens (total: 142094 / 3640)
[05:19:39] INFO: AI request (iteration 3, msgs=63)
[05:19:42] INFO: AI response: 8397 prompt + 213 response tokens (total: 150491 / 3853)
[05:19:42] You: 
[05:19:44] You: 
[05:19:49] INFO: AI request (iteration 1, msgs=66)
[05:19:59] INFO: AI response: 8655 prompt + 995 response tokens (total: 159146 / 4848)
[05:19:59] INFO: AI request (iteration 2, msgs=68)
[05:20:01] INFO: AI response: 9557 prompt + 92 response tokens (total: 168703 / 4940)
[05:20:01] INFO: AI request (iteration 3, msgs=70)
[05:20:05] INFO: AI response: 9715 prompt + 177 response tokens (total: 178418 / 5117)
[05:20:05] INFO: AI request (iteration 4, msgs=72)
[05:20:11] INFO: AI response: 9923 prompt + 404 response tokens (total: 188341 / 5521)
[05:20:11] INFO: AI request (iteration 5, msgs=74)
[05:20:13] INFO: AI response: 10355 prompt + 89 response tokens (total: 198696 / 5610)
[05:20:13] INFO: AI request (iteration 6, msgs=76)
[05:20:14] INFO: AI response: 10499 prompt + 44 response tokens (total: 209195 / 5654)
[05:20:14] INFO: AI request (iteration 7, msgs=78)
[05:20:18] INFO: AI response: 10621 prompt + 328 response tokens (total: 219816 / 5982)
[05:20:18] INFO: AI request (iteration 8, msgs=80)
[05:20:22] INFO: AI response: 10920 prompt + 444 response tokens (total: 230736 / 6426)
[05:20:22] INFO: AI request (iteration 9, msgs=82)
[05:20:24] INFO: AI response: 11404 prompt + 41 response tokens (total: 242140 / 6467)
[05:20:24] INFO: AI request (iteration 10, msgs=84)
[05:20:36] INFO: AI response: 12836 prompt + 1674 response tokens (total: 254976 / 8141)
[05:20:36] You: 
[05:20:41] INFO: AI request (iteration 1, msgs=87)
[05:20:43] INFO: AI response: 14500 prompt + 78 response tokens (total: 269476 / 8219)
[05:20:43] INFO: AI request (iteration 2, msgs=89)
[05:20:45] INFO: AI response: 14622 prompt + 171 response tokens (total: 284098 / 8390)
[05:20:45] INFO: AI request (iteration 3, msgs=91)
[05:20:52] INFO: AI response: 14845 prompt + 724 response tokens (total: 298943 / 9114)
[05:20:52] INFO: AI request (iteration 4, msgs=93)
[05:20:54] INFO: AI response: 15614 prompt + 45 response tokens (total: 314557 / 9159)
[05:20:54] INFO: AI request (iteration 5, msgs=95)
[05:21:12] INFO: AI response: 17775 prompt + 2179 response tokens (total: 332332 / 11338)
[05:21:12] INFO: AI request (iteration 6, msgs=97)
[05:21:14] INFO: AI response: 19948 prompt + 57 response tokens (total: 352280 / 11395)
[05:21:14] INFO: AI request (iteration 7, msgs=99)
[05:21:17] INFO: AI response: 20076 prompt + 184 response tokens (total: 372356 / 11579)
[05:21:17] INFO: AI request (iteration 8, msgs=101)
[05:21:23] INFO: AI response: 20258 prompt + 502 response tokens (total: 392614 / 12081)
[05:21:23] INFO: AI request (iteration 9, msgs=103)
[05:21:25] INFO: AI response: 20800 prompt + 52 response tokens (total: 413414 / 12133)
[05:21:25] INFO: AI request (iteration 10, msgs=105)
[05:21:28] INFO: AI response: 20926 prompt + 193 response tokens (total: 434340 / 12326)
[05:21:28] You: 
[05:21:36] INFO: AI request (iteration 1, msgs=108)
[05:21:39] INFO: AI response: 21166 prompt + 230 response tokens (total: 455506 / 12556)
[05:21:39] INFO: AI request (iteration 2, msgs=110)
[05:21:42] INFO: AI response: 21396 prompt + 197 response tokens (total: 476902 / 12753)
[05:21:42] INFO: AI request (iteration 3, msgs=112)
[05:21:50] INFO: AI response: 21635 prompt + 1086 response tokens (total: 498537 / 13839)
[05:21:50] INFO: AI request (iteration 4, msgs=114)
[05:21:53] INFO: AI response: 22754 prompt + 54 response tokens (total: 521291 / 13893)
[05:21:53] INFO: AI request (iteration 5, msgs=116)
[05:22:13] INFO: AI response: 25984 prompt + 3354 response tokens (total: 547275 / 17247)
[05:22:13] INFO: AI request (iteration 6, msgs=118)
[05:22:16] INFO: AI response: 29334 prompt + 53 response tokens (total: 576609 / 17300)
[05:22:16] INFO: AI request (iteration 7, msgs=120)
[05:22:19] INFO: AI response: 29457 prompt + 226 response tokens (total: 606066 / 17526)
[05:22:19] INFO: AI request (iteration 8, msgs=122)
[05:22:22] INFO: AI response: 29715 prompt + 231 response tokens (total: 635781 / 17757)
[05:22:22] INFO: AI request (iteration 9, msgs=124)
[05:22:25] INFO: AI response: 29979 prompt + 53 response tokens (total: 665760 / 17810)
[05:22:25] INFO: AI request (iteration 10, msgs=126)
[05:22:27] INFO: AI response: 30063 prompt + 45 response tokens (total: 695823 / 17855)
[05:22:27] You: 
[05:22:37] INFO: AI request (iteration 1, msgs=129)
[05:23:00] INFO: AI response: 33349 prompt + 2948 response tokens (total: 729172 / 20803)
[05:23:00] INFO: AI request (iteration 2, msgs=131)
[05:23:02] INFO: AI response: 36291 prompt + 51 response tokens (total: 765463 / 20854)
[05:23:02] INFO: AI request (iteration 3, msgs=133)
[05:23:06] INFO: AI response: 36411 prompt + 339 response tokens (total: 801874 / 21193)
[05:23:06] INFO: AI request (iteration 4, msgs=135)
[05:23:09] INFO: AI response: 36770 prompt + 151 response tokens (total: 838644 / 21344)
[05:23:09] INFO: AI request (iteration 5, msgs=137)
[05:23:12] INFO: AI response: 36964 prompt + 118 response tokens (total: 875608 / 21462)
[05:23:12] INFO: AI request (iteration 6, msgs=139)
[05:23:14] INFO: AI response: 37119 prompt + 98 response tokens (total: 912727 / 21560)
[05:23:14] INFO: AI request (iteration 7, msgs=141)
[05:23:17] INFO: AI response: 37249 prompt + 104 response tokens (total: 949976 / 21664)
[05:23:17] INFO: AI request (iteration 8, msgs=143)
[05:23:49] INFO: AI response: 37376 prompt + 3218 response tokens (total: 987352 / 24882)
[05:23:49] INFO: AI request (iteration 9, msgs=145)
[05:23:52] INFO: AI response: 40592 prompt + 49 response tokens (total: 1027944 / 24931)
[05:23:52] INFO: AI request (iteration 10, msgs=147)
[05:23:56] INFO: AI response: 40712 prompt + 437 response tokens (total: 1068656 / 25368)
[05:23:56] You: 
[05:24:25] INFO: AI request (iteration 1, msgs=150)
[05:24:31] INFO: AI response: 41139 prompt + 533 response tokens (total: 1109795 / 25901)
[05:24:31] INFO: AI request (iteration 2, msgs=152)
[05:24:35] INFO: AI response: 41636 prompt + 318 response tokens (total: 1151431 / 26219)
[05:24:35] INFO: AI request (iteration 3, msgs=154)
[05:24:38] INFO: AI response: 42013 prompt + 170 response tokens (total: 1193444 / 26389)
[05:24:38] INFO: AI request (iteration 4, msgs=156)
[05:24:40] INFO: AI response: 42238 prompt + 34 response tokens (total: 1235682 / 26423)
[05:24:40] INFO: AI request (iteration 5, msgs=158)
[05:24:44] INFO: AI response: 42481 prompt + 272 response tokens (total: 1278163 / 26695)
[05:24:44] INFO: AI request (iteration 6, msgs=160)
[05:24:47] INFO: AI response: 42752 prompt + 53 response tokens (total: 1320915 / 26748)
[05:24:47] INFO: AI request (iteration 7, msgs=162)
[05:24:49] INFO: AI response: 42871 prompt + 54 response tokens (total: 1363786 / 26802)
[05:24:49] INFO: AI request (iteration 8, msgs=164)
[05:25:18] INFO: AI response: 46207 prompt + 3563 response tokens (total: 1409993 / 30365)
[05:25:18] INFO: AI request (iteration 9, msgs=166)
[05:25:24] INFO: AI response: 49768 prompt + 386 response tokens (total: 1459761 / 30751)
[05:25:24] You: 
[05:25:37] You: 
[05:29:46] You: 
[05:29:55] INFO: Session started, sess_id=316, mode=build, model=kimi-k2.5:cloud
[05:29:55] You: 
[05:30:05] INFO: AI request (iteration 1, msgs=168)
[05:30:24] INFO: AI response: 50154 prompt + 1584 response tokens (total: 1509915 / 32335)
[05:30:24] INFO: AI request (iteration 2, msgs=171)
[05:30:31] INFO: AI response: 51748 prompt + 335 response tokens (total: 1561663 / 32670)
[05:30:31] You: 
[05:30:46] You: 
[05:31:42] INFO: AI request (iteration 1, msgs=174)
[05:31:47] INFO: AI response: 51986 prompt + 303 response tokens (total: 1613649 / 32973)
[05:31:47] INFO: AI request (iteration 2, msgs=176)
[05:31:52] INFO: AI response: 52184 prompt + 310 response tokens (total: 1665833 / 33283)
[05:31:52] INFO: AI request (iteration 3, msgs=182)
[05:31:56] INFO: AI response: 52621 prompt + 195 response tokens (total: 1718454 / 33478)
[05:31:56] You: 
[05:32:34] INFO: AI request (iteration 1, msgs=185)
[05:32:40] INFO: AI response: 52864 prompt + 111 response tokens (total: 1771318 / 33589)
[05:32:40] INFO: AI request (iteration 2, msgs=187)
[05:32:42] INFO: AI response: 52969 prompt + 37 response tokens (total: 1824287 / 33626)
[05:32:42] INFO: AI request (iteration 3, msgs=189)
[05:32:49] INFO: AI response: 56500 prompt + 460 response tokens (total: 1880787 / 34086)
[05:32:49] INFO: AI request (iteration 4, msgs=191)
[05:32:52] INFO: AI response: 56954 prompt + 38 response tokens (total: 1937741 / 34124)
[05:32:52] INFO: AI request (iteration 5, msgs=193)
[05:33:26] INFO: AI response: 60553 prompt + 3745 response tokens (total: 1998294 / 37869)
[05:33:26] INFO: AI request (iteration 6, msgs=195)
[05:33:29] INFO: AI response: 64304 prompt + 71 response tokens (total: 2062598 / 37940)
[05:33:29] INFO: AI request (iteration 7, msgs=197)
[05:33:36] INFO: AI response: 64455 prompt + 390 response tokens (total: 2127053 / 38330)
[05:33:36] INFO: AI request (iteration 8, msgs=199)
[05:33:39] INFO: AI response: 64894 prompt + 54 response tokens (total: 2191947 / 38384)
[05:33:39] INFO: AI request (iteration 9, msgs=201)
[05:33:42] INFO: AI response: 65009 prompt + 157 response tokens (total: 2256956 / 38541)
[05:33:42] INFO: AI request (iteration 10, msgs=203)
[05:33:46] INFO: AI response: 65191 prompt + 97 response tokens (total: 2322147 / 38638)
[05:33:46] You: 
[05:33:57] INFO: AI request (iteration 1, msgs=206)
[05:34:02] INFO: AI response: 65352 prompt + 390 response tokens (total: 2387499 / 39028)
[05:34:02] INFO: AI request (iteration 2, msgs=208)
[05:34:08] INFO: AI response: 65770 prompt + 500 response tokens (total: 2453269 / 39528)
[05:34:08] INFO: AI request (iteration 3, msgs=210)
[05:34:11] INFO: AI response: 66317 prompt + 50 response tokens (total: 2519586 / 39578)
[05:34:11] INFO: AI request (iteration 4, msgs=212)
[05:34:13] INFO: AI response: 66447 prompt + 40 response tokens (total: 2586033 / 39618)
[05:34:13] INFO: AI request (iteration 5, msgs=214)
[05:34:16] INFO: AI response: 66563 prompt + 126 response tokens (total: 2652596 / 39744)
[05:34:16] INFO: AI request (iteration 6, msgs=216)
[05:34:20] INFO: AI response: 66730 prompt + 379 response tokens (total: 2719326 / 40123)
[05:34:20] INFO: AI request (iteration 7, msgs=218)
[05:34:56] INFO: AI response: 67156 prompt + 4413 response tokens (total: 2786482 / 44536)
[05:34:56] INFO: AI request (iteration 8, msgs=220)
[05:34:58] INFO: AI response: 71577 prompt + 46 response tokens (total: 2858059 / 44582)
[05:34:58] INFO: AI request (iteration 9, msgs=222)
[05:35:03] INFO: AI response: 71695 prompt + 333 response tokens (total: 2929754 / 44915)
[05:35:03] You: 
[05:37:22] You: 
[05:37:44] INFO: AI request (iteration 1, msgs=224)
[05:37:47] INFO: AI response: 72030 prompt + 63 response tokens (total: 3001784 / 44978)
[05:37:47] INFO: AI request (iteration 2, msgs=226)
[05:37:50] INFO: AI response: 73455 prompt + 56 response tokens (total: 3075239 / 45034)
[05:37:50] INFO: AI request (iteration 3, msgs=228)
[05:38:04] INFO: AI response: 73483 prompt + 1984 response tokens (total: 3148722 / 47018)
[05:38:04] INFO: AI request (iteration 4, msgs=231)
[05:38:10] INFO: AI response: 75480 prompt + 334 response tokens (total: 3224202 / 47352)
[05:38:10] You: 
[05:38:23] You: 
[05:38:28] You: 
[05:38:49] You: 
[05:38:52] You: 
[05:39:01] You: 
[05:39:04] You: 
[05:39:14] You: 
[05:41:45] You: 
[05:42:08] INFO: AI request (iteration 1, msgs=233)
[05:42:11] INFO: AI response: 75707 prompt + 112 response tokens (total: 3299909 / 47464)
[05:42:11] INFO: AI request (iteration 2, msgs=235)
[05:42:14] INFO: AI response: 75764 prompt + 47 response tokens (total: 3375673 / 47511)
[05:42:14] INFO: AI request (iteration 3, msgs=238)
[05:42:18] INFO: AI response: 80192 prompt + 423 response tokens (total: 3455865 / 47934)
[05:42:18] INFO: AI request (iteration 4, msgs=242)
[05:42:43] INFO: AI response: 80650 prompt + 4421 response tokens (total: 3536515 / 52355)
[05:42:43] INFO: AI request (iteration 5, msgs=244)
[05:42:47] INFO: AI response: 85072 prompt + 84 response tokens (total: 3621587 / 52439)
[05:42:47] INFO: AI request (iteration 6, msgs=246)
[05:42:49] INFO: AI response: 85194 prompt + 85 response tokens (total: 3706781 / 52524)
[05:42:49] INFO: AI request (iteration 7, msgs=248)
[05:42:55] INFO: AI response: 85334 prompt + 73 response tokens (total: 3792115 / 52597)
[05:42:55] INFO: AI request (iteration 8, msgs=250)
[05:42:59] INFO: AI response: 85458 prompt + 289 response tokens (total: 3877573 / 52886)
[05:42:59] You: 
